<?xml version="1.0" encoding="UTF-8"?>
<coverage generated="1568945916443" clover="3.2.0">
  <project timestamp="1568945916444" name="All files">
    <metrics statements="25" coveredstatements="25" conditionals="4" coveredconditionals="4" methods="5" coveredmethods="5" elements="34" coveredelements="34" complexity="0" loc="25" ncloc="25" packages="1" files="2" classes="2"/>
    <file name="Button.js" path="/Users/lucasbarga/git/react-native-jest-enzyme/app/Button.js">
      <metrics statements="21" coveredstatements="21" conditionals="4" coveredconditionals="4" methods="4" coveredmethods="4"/>
      <line num="1" count="1" type="stmt"/>
      <line num="2" count="1" type="stmt"/>
      <line num="3" count="1" type="stmt"/>
      <line num="5" count="1" type="stmt"/>
      <line num="6" count="12" type="stmt"/>
      <line num="7" count="12" type="stmt"/>
      <line num="11" count="5" type="stmt"/>
      <line num="12" count="5" type="stmt"/>
      <line num="13" count="5" type="stmt"/>
      <line num="14" count="5" type="cond" truecount="2" falsecount="0"/>
      <line num="15" count="2" type="stmt"/>
      <line num="17" count="5" type="stmt"/>
      <line num="18" count="12" type="stmt"/>
      <line num="21" count="12" type="stmt"/>
      <line num="22" count="12" type="stmt"/>
      <line num="24" count="12" type="cond" truecount="2" falsecount="0"/>
      <line num="31" count="12" type="stmt"/>
      <line num="39" count="1" type="stmt"/>
      <line num="42" count="1" type="stmt"/>
      <line num="46" count="1" type="stmt"/>
      <line num="66" count="1" type="stmt"/>
    </file>
    <file name="StringConverter.js" path="/Users/lucasbarga/git/react-native-jest-enzyme/app/StringConverter.js">
      <metrics statements="4" coveredstatements="4" conditionals="0" coveredconditionals="0" methods="1" coveredmethods="1"/>
      <line num="1" count="1" type="stmt"/>
      <line num="2" count="5" type="stmt"/>
      <line num="3" count="5" type="stmt"/>
      <line num="21" count="1" type="stmt"/>
    </file>
  </project>
</coverage>
