{"/Users/lucasbarga/git/react-native-jest-enzyme/app/Button.js": {"path":"/Users/lucasbarga/git/react-native-jest-enzyme/app/Button.js","statementMap":{"0":{"start":{"line":1,"column":42},"end":{"line":1,"column":97}},"1":{"start":{"line":1,"column":128},"end":{"line":1,"column":184}},"2":{"start":{"line":1,"column":185},"end":{"line":1,"column":247}},"3":{"start":{"line":1,"column":247},"end":{"line":1,"column":272}},"4":{"start":{"line":1,"column":295},"end":{"line":1,"column":367}},"5":{"start":{"line":1,"column":388},"end":{"line":1,"column":457}},"6":{"start":{"line":1,"column":492},"end":{"line":1,"column":575}},"7":{"start":{"line":1,"column":599},"end":{"line":1,"column":671}},"8":{"start":{"line":1,"column":689},"end":{"line":1,"column":755}},"9":{"start":{"line":1,"column":769},"end":{"line":1,"column":810}},"10":{"start":{"line":2,"column":19},"end":{"line":2,"column":42}},"11":{"start":{"line":3,"column":23},"end":{"line":3,"column":75}},"12":{"start":{"line":3,"column":95},"end":{"line":3,"column":157}},"13":{"start":{"line":5,"column":9},"end":{"line":43,"column":43}},"14":{"start":{"line":5,"column":32},"end":{"line":5,"column":76}},"15":{"start":{"line":6,"column":36},"end":{"line":6,"column":80}},"16":{"start":{"line":7,"column":4},"end":{"line":7,"column":116}},"17":{"start":{"line":7,"column":116},"end":{"line":16,"column":6}},"18":{"start":{"line":11,"column":6},"end":{"line":11,"column":17}},"19":{"start":{"line":11,"column":28},"end":{"line":11,"column":47}},"20":{"start":{"line":11,"column":54},"end":{"line":11,"column":69}},"21":{"start":{"line":12,"column":6},"end":{"line":14,"column":7}},"22":{"start":{"line":13,"column":8},"end":{"line":13,"column":42}},"23":{"start":{"line":15,"column":6},"end":{"line":15,"column":16}},"24":{"start":{"line":16,"column":6},"end":{"line":21,"column":6}},"25":{"start":{"line":19,"column":19},"end":{"line":19,"column":43}},"26":{"start":{"line":20,"column":6},"end":{"line":20,"column":158}},"27":{"start":{"line":21,"column":6},"end":{"line":21,"column":19}},"28":{"start":{"line":21,"column":20},"end":{"line":43,"column":10}},"29":{"start":{"line":24,"column":20},"end":{"line":24,"column":38}},"30":{"start":{"line":24,"column":51},"end":{"line":24,"column":67}},"31":{"start":{"line":25,"column":6},"end":{"line":25,"column":16}},"32":{"start":{"line":25,"column":25},"end":{"line":25,"column":43}},"33":{"start":{"line":25,"column":54},"end":{"line":25,"column":74}},"34":{"start":{"line":27,"column":27},"end":{"line":31,"column":67}},"35":{"start":{"line":34,"column":6},"end":{"line":40,"column":30}},"36":{"start":{"line":43,"column":10},"end":{"line":43,"column":24}},"37":{"start":{"line":46,"column":0},"end":{"line":47,"column":18}},"38":{"start":{"line":50,"column":13},"end":{"line":66,"column":23}},"39":{"start":{"line":70,"column":0},"end":{"line":70,"column":6}},"40":{"start":{"line":70,"column":7},"end":{"line":70,"column":34}}},"fnMap":{"0":{"name":"(anonymous_0)","decl":{"start":{"line":5,"column":9},"end":{"line":5,"column":10}},"loc":{"start":{"line":5,"column":31},"end":{"line":43,"column":25}},"line":5},"1":{"name":"Button","decl":{"start":{"line":6,"column":11},"end":{"line":6,"column":17}},"loc":{"start":{"line":6,"column":25},"end":{"line":21,"column":20}},"line":6},"2":{"name":"(anonymous_2)","decl":{"start":{"line":10,"column":21},"end":{"line":10,"column":22}},"loc":{"start":{"line":10,"column":33},"end":{"line":16,"column":5}},"line":10},"3":{"name":"(anonymous_3)","decl":{"start":{"line":18,"column":19},"end":{"line":18,"column":20}},"loc":{"start":{"line":18,"column":31},"end":{"line":21,"column":5}},"line":18},"4":{"name":"render","decl":{"start":{"line":21,"column":89},"end":{"line":21,"column":95}},"loc":{"start":{"line":23,"column":4},"end":{"line":43,"column":5}},"line":23}},"branchMap":{"0":{"loc":{"start":{"line":12,"column":6},"end":{"line":14,"column":7}},"type":"if","locations":[{"start":{"line":12,"column":6},"end":{"line":14,"column":7}},{"start":{"line":12,"column":6},"end":{"line":14,"column":7}}],"line":12},"1":{"loc":{"start":{"line":27,"column":27},"end":{"line":31,"column":67}},"type":"cond-expr","locations":[{"start":{"line":28,"column":6},"end":{"line":28,"column":17}},{"start":{"line":29,"column":6},"end":{"line":31,"column":67}}],"line":27}},"s":{"0":1,"1":1,"2":1,"3":1,"4":1,"5":1,"6":1,"7":1,"8":1,"9":1,"10":1,"11":1,"12":1,"13":1,"14":1,"15":12,"16":12,"17":12,"18":5,"19":5,"20":5,"21":5,"22":2,"23":5,"24":12,"25":12,"26":12,"27":12,"28":1,"29":12,"30":12,"31":12,"32":12,"33":12,"34":12,"35":12,"36":1,"37":1,"38":1,"39":1,"40":1},"f":{"0":1,"1":12,"2":5,"3":12,"4":12},"b":{"0":[2,3],"1":[11,1]},"_coverageSchema":"43e27e138ebf9cfc5966b082cf9a028302ed4184","hash":"4fc24f5faea30e09aa88b2006f196deef546f70e"}
,"/Users/lucasbarga/git/react-native-jest-enzyme/app/StringConverter.js": {"path":"/Users/lucasbarga/git/react-native-jest-enzyme/app/StringConverter.js","statementMap":{"0":{"start":{"line":1,"column":13},"end":{"line":1,"column":75}},"1":{"start":{"line":1,"column":75},"end":{"line":1,"column":100}},"2":{"start":{"line":2,"column":16},"end":{"line":2,"column":33}},"3":{"start":{"line":3,"column":2},"end":{"line":3,"column":42}},"4":{"start":{"line":21,"column":0},"end":{"line":21,"column":15}},"5":{"start":{"line":21,"column":16},"end":{"line":21,"column":43}}},"fnMap":{"0":{"name":"stringConverter","decl":{"start":{"line":1,"column":109},"end":{"line":1,"column":124}},"loc":{"start":{"line":1,"column":133},"end":{"line":19,"column":1}},"line":1}},"branchMap":{},"s":{"0":1,"1":1,"2":12,"3":12,"4":1,"5":1},"f":{"0":12},"b":{},"_coverageSchema":"43e27e138ebf9cfc5966b082cf9a028302ed4184","hash":"7e57f4a7a58b04d9b94bda0cea082d08583c0f8a"}
}
