TN:
SF:/Users/lucasbarga/git/react-native-jest-enzyme/app/Button.js
FN:5,(anonymous_0)
FN:6,Button
FN:10,(anonymous_2)
FN:18,render
FNF:4
FNH:4
FNDA:1,(anonymous_0)
FNDA:12,Button
FNDA:5,(anonymous_2)
FNDA:12,render
DA:1,1
DA:2,1
DA:3,1
DA:5,1
DA:6,12
DA:7,12
DA:11,5
DA:12,5
DA:13,5
DA:14,5
DA:15,2
DA:17,5
DA:18,12
DA:21,12
DA:22,12
DA:24,12
DA:31,12
DA:39,1
DA:42,1
DA:46,1
DA:66,1
LF:21
LH:21
BRDA:14,0,0,2
BRDA:14,0,1,3
BRDA:24,1,0,11
BRDA:24,1,1,1
BRF:4
BRH:4
end_of_record
TN:
SF:/Users/lucasbarga/git/react-native-jest-enzyme/app/StringConverter.js
FN:1,stringConverter
FNF:1
FNH:1
FNDA:5,stringConverter
DA:1,1
DA:2,5
DA:3,5
DA:21,1
LF:4
LH:4
BRF:0
BRH:0
end_of_record
