TN:
SF:/Users/lucasbarga/git/react-native-jest-enzyme/app/Button.js
FN:5,(anonymous_0)
FN:6,Button
FN:10,(anonymous_2)
FN:18,(anonymous_3)
FN:22,render
FNF:5
FNH:5
FNDA:1,(anonymous_0)
FNDA:12,Button
FNDA:5,(anonymous_2)
FNDA:12,(anonymous_3)
FNDA:12,render
DA:1,1
DA:2,1
DA:3,1
DA:5,1
DA:6,12
DA:7,12
DA:11,5
DA:12,5
DA:13,2
DA:15,5
DA:16,12
DA:19,12
DA:20,12
DA:21,12
DA:22,12
DA:25,12
DA:26,12
DA:28,12
DA:35,12
DA:44,1
DA:47,1
DA:51,1
DA:71,1
LF:23
LH:23
BRDA:12,0,0,2
BRDA:12,0,1,3
BRDA:28,1,0,11
BRDA:28,1,1,1
BRF:4
BRH:4
end_of_record
TN:
SF:/Users/lucasbarga/git/react-native-jest-enzyme/app/StringConverter.js
FN:1,stringConverter
FNF:1
FNH:1
FNDA:12,stringConverter
DA:1,1
DA:2,12
DA:3,12
DA:21,1
LF:4
LH:4
BRF:0
BRH:0
end_of_record
